<?xml version="1.0" encoding="UTF-8"?>
<!-- Generated by org.testng.reporters.JUnitReportReporter -->
<testsuite hostname="BT1704430" failures="0" tests="1" name="testcases.CheckoutAddedProducts" time="5.906" errors="0" timestamp="2024-10-17T18:34:04 IST" skipped="0">
  <testcase classname="testcases.CheckoutAddedProducts" name="checkout" time="5.906"/>
</testsuite> <!-- testcases.CheckoutAddedProducts -->
