<?xml version="1.0" encoding="UTF-8"?>
<!-- Generated by org.testng.reporters.JUnitReportReporter -->
<testsuite hostname="BT1704430" failures="0" tests="1" name="testcases.Search_AddToCart" time="44.971" errors="0" timestamp="2024-10-25T20:26:00 IST" skipped="0">
  <testcase classname="testcases.Search_AddToCart" name="SearchAndAddToCart" time="44.971"/>
</testsuite> <!-- testcases.Search_AddToCart -->
